#meta
instagram.com
www.instagram.com
graph.instagram.com
gateway.instagram.com
i.instagram.com
z-p42-instagram.c10r.instagram.com
i-fallback.instagram.com
ig.me
www.facebook.com
mqtt-mini.facebook.com
edge-mqtt.facebook.com
graph.facebook.com
web.facebook.com
connect.facebook.net
facebook.net
z-p42-chat-e2ee-ig.facebook.com
star-mini.c10r.facebook.com
static.cdninstagram.com
scontent.cdninstagram.com
scontent-ams2-1.cdninstagram.com
scontent-ams4-1.cdninstagram.com
scontent-ams4-1.xx.fbcdn.net
scontent.xx.fbcdn.net
cdn.fbsbx.com
internalfb.com
oculus.com

#twitter
ads-twitter.com
cms-twdigitalassets.com
periscope.tv
pscp.tv
t.co
tellapart.com
tweetdeck.com
twimg.com
twitpic.com
twitter.biz
twitter.com
twitter.jp
twittercommunity.com
twitterflightschool.com
twitterinc.com
twitteroauth.com
twitterstat.us
twtrdns.net
twttr.com
twttr.net
twvid.com
vine.co
x.com

galatea.com
